<?xml version="1.0" encoding="UTF-8"?>
<!-- Generated by org.testng.reporters.JUnitReportReporter -->
<testsuite hostname="DESKTOP-JSFLU3H" failures="0" tests="1" name="cucumberOptions.TestNGRunner" time="13.673" errors="0" timestamp="2024-03-21T15:45:09 IST" skipped="0">
  <testcase classname="cucumberOptions.TestNGRunner" name="runScenario" time="13.673"/>
  <system-out/>
</testsuite> <!-- cucumberOptions.TestNGRunner -->
