<?xml version="1.0" encoding="UTF-8"?>
<!-- Generated by org.testng.reporters.JUnitReportReporter -->
<testsuite hostname="DESKTOP-JSFLU3H" failures="0" tests="1" name="cucumberOptions.TestNGRunner" time="6.599" errors="0" timestamp="2024-03-18T13:06:33 IST" skipped="0">
  <testcase classname="cucumberOptions.TestNGRunner" name="runScenario" time="6.599"/>
</testsuite> <!-- cucumberOptions.TestNGRunner -->
